<annotation><folder>XML</folder><filename>/home/ubuntu/frc/tensorflow_workspace/2023Game/data/combined_88_test/test-3000-f000046.png</filename><path>/home/ubuntu/frc/tensorflow_workspace/2023Game/data/combined_88_test/test-3000-f000046.xml</path><source><database>Unknown</database></source><size><width>1920</width><height>1080</height><depth>3</depth></size><segmented>0</segmented><object><name>cone</name><pose>Unspecified</pose><truncated>0</truncated><difficult>0</difficult><bndbox><xmin>687</xmin><ymin>284</ymin><xmax>1257</xmax><ymax>784</ymax></bndbox></object><object><name>april_tag_12</name><pose>Unspecified</pose><truncated>0</truncated><difficult>0</difficult><bndbox><xmin>746</xmin><ymin>893</ymin><xmax>763</xmax><ymax>941</ymax></bndbox></object><object><name>april_tag_13</name><pose>Unspecified</pose><truncated>0</truncated><difficult>0</difficult><bndbox><xmin>49</xmin><ymin>886</ymin><xmax>41</xmax><ymax>908</ymax></bndbox></object><object><name>april_tag_18</name><pose>Unspecified</pose><truncated>0</truncated><difficult>0</difficult><bndbox><xmin>1000</xmin><ymin>421</ymin><xmax>1022</xmax><ymax>421</ymax></bndbox></object><object><name>april_tag_23</name><pose>Unspecified</pose><truncated>0</truncated><difficult>0</difficult><bndbox><xmin>1612</xmin><ymin>605</ymin><xmax>1619</xmax><ymax>670</ymax></bndbox></object><object><name>april_tag_28</name><pose>Unspecified</pose><truncated>0</truncated><difficult>0</difficult><bndbox><xmin>1071</xmin><ymin>873</ymin><xmax>1097</xmax><ymax>883</ymax></bndbox></object></annotation>