<annotation><folder>XML</folder><filename>test-3000-f001193.png</filename><path>/home/ubuntu/tensorflow_workspace/2023Game/data/combined_88_test/test-3000-f001193.png</path><source><database>Unknown</database></source><size><width>1920</width><height>1080</height><depth>3</depth></size><segmented>0</segmented><object><name>cone</name><pose>Unspecified</pose><truncated>0</truncated><difficult>0</difficult><bndbox><xmin>609</xmin><ymin>80</ymin><xmax>972</xmax><ymax>436</ymax></bndbox></object></annotation>