<annotation><folder>XML</folder><filename>/home/ubuntu/frc/tensorflow_workspace/2023Game/data/combined_88_test/test-3000-f000810.png</filename><path>/home/ubuntu/frc/tensorflow_workspace/2023Game/data/combined_88_test/test-3000-f000810.xml</path><source><database>Unknown</database></source><size><width>1920</width><height>1080</height><depth>3</depth></size><segmented>0</segmented><object><name>cone</name><pose>Unspecified</pose><truncated>0</truncated><difficult>0</difficult><bndbox><xmin>1020</xmin><ymin>521</ymin><xmax>1332</xmax><ymax>935</ymax></bndbox></object><object><name>april_tag_15</name><pose>Unspecified</pose><truncated>0</truncated><difficult>0</difficult><bndbox><xmin>1322</xmin><ymin>908</ymin><xmax>1327</xmax><ymax>967</ymax></bndbox></object></annotation>