<annotation><folder>XML</folder><filename>/home/ubuntu/frc/tensorflow_workspace/2023Game/data/combined_88_test/test-3000-f000038.png</filename><path>/home/ubuntu/frc/tensorflow_workspace/2023Game/data/combined_88_test/test-3000-f000038.xml</path><source><database>Unknown</database></source><size><width>1920</width><height>1080</height><depth>3</depth></size><segmented>0</segmented><object><name>cone</name><pose>Unspecified</pose><truncated>0</truncated><difficult>0</difficult><bndbox><xmin>642</xmin><ymin>301</ymin><xmax>1224</xmax><ymax>784</ymax></bndbox></object><object><name>april_tag_1</name><pose>Unspecified</pose><truncated>0</truncated><difficult>0</difficult><bndbox><xmin>1894</xmin><ymin>93</ymin><xmax>1904</xmax><ymax>100</ymax></bndbox></object><object><name>april_tag_14</name><pose>Unspecified</pose><truncated>0</truncated><difficult>0</difficult><bndbox><xmin>1076</xmin><ymin>842</ymin><xmax>1139</xmax><ymax>867</ymax></bndbox></object><object><name>april_tag_16</name><pose>Unspecified</pose><truncated>0</truncated><difficult>0</difficult><bndbox><xmin>365</xmin><ymin>637</ymin><xmax>406</xmax><ymax>612</ymax></bndbox></object></annotation>