<annotation><folder>XML</folder><filename>/home/ubuntu/frc/tensorflow_workspace/2023Game/data/combined_88_test/test-3000-f000246.png</filename><path>/home/ubuntu/frc/tensorflow_workspace/2023Game/data/combined_88_test/test-3000-f000246.xml</path><source><database>Unknown</database></source><size><width>1920</width><height>1080</height><depth>3</depth></size><segmented>0</segmented><object><name>cone</name><pose>Unspecified</pose><truncated>0</truncated><difficult>0</difficult><bndbox><xmin>917</xmin><ymin>266</ymin><xmax>1354</xmax><ymax>918</ymax></bndbox></object><object><name>april_tag_0</name><pose>Unspecified</pose><truncated>0</truncated><difficult>0</difficult><bndbox><xmin>393</xmin><ymin>757</ymin><xmax>480</xmax><ymax>757</ymax></bndbox></object><object><name>april_tag_13</name><pose>Unspecified</pose><truncated>0</truncated><difficult>0</difficult><bndbox><xmin>291</xmin><ymin>761</ymin><xmax>271</xmax><ymax>759</ymax></bndbox></object></annotation>