<annotation>
	<folder>XML</folder>
	<filename>/home/ubuntu/frc/tensorflow_workspace/2023Game/data/combined_88_test/test-3000-f001337.png</filename>
	<path>/home/ubuntu/frc/tensorflow_workspace/2023Game/data/combined_88_test/test-3000-f001337.xml</path>
	<source>
		<database>Unknown</database>
	</source>
	<size>
		<width>1920</width>
		<height>1080</height>
		<depth>3</depth>
	</size>
	<segmented>0</segmented>
	<object>
		<name>cone</name>
		<pose>Unspecified</pose>
		<truncated>0</truncated>
		<difficult>0</difficult>
		<bndbox>
			<xmin>892</xmin>
			<ymin>710</ymin>
			<xmax>1327</xmax>
			<ymax>1075</ymax>
		</bndbox>
	</object>
</annotation>