<annotation><folder>XML</folder><filename>/home/ubuntu/frc/tensorflow_workspace/2023Game/data/combined_88_test/test-3000-f001206.png</filename><path>/home/ubuntu/frc/tensorflow_workspace/2023Game/data/combined_88_test/test-3000-f001206.xml</path><source><database>Unknown</database></source><size><width>1920</width><height>1080</height><depth>3</depth></size><segmented>0</segmented><object><name>cone</name><pose>Unspecified</pose><truncated>0</truncated><difficult>0</difficult><bndbox><xmin>522</xmin><ymin>178</ymin><xmax>910</xmax><ymax>511</ymax></bndbox></object></annotation>