<annotation><folder>XML</folder><filename>/home/ubuntu/frc/tensorflow_workspace/2023Game/data/combined_88_test/test-3000-f000211.png</filename><path>/home/ubuntu/frc/tensorflow_workspace/2023Game/data/combined_88_test/test-3000-f000211.xml</path><source><database>Unknown</database></source><size><width>1920</width><height>1080</height><depth>3</depth></size><segmented>0</segmented><object><name>cone</name><pose>Unspecified</pose><truncated>0</truncated><difficult>0</difficult><bndbox><xmin>365</xmin><ymin>106</ymin><xmax>1029</xmax><ymax>776</ymax></bndbox></object><object><name>april_tag_12</name><pose>Unspecified</pose><truncated>0</truncated><difficult>0</difficult><bndbox><xmin>1804</xmin><ymin>779</ymin><xmax>1798</xmax><ymax>729</ymax></bndbox></object><object><name>april_tag_14</name><pose>Unspecified</pose><truncated>0</truncated><difficult>0</difficult><bndbox><xmin>770</xmin><ymin>122</ymin><xmax>837</xmax><ymax>106</ymax></bndbox></object><object><name>april_tag_15</name><pose>Unspecified</pose><truncated>0</truncated><difficult>0</difficult><bndbox><xmin>1194</xmin><ymin>538</ymin><xmax>1211</xmax><ymax>550</ymax></bndbox></object><object><name>april_tag_16</name><pose>Unspecified</pose><truncated>0</truncated><difficult>0</difficult><bndbox><xmin>856</xmin><ymin>162</ymin><xmax>846</xmax><ymax>162</ymax></bndbox></object><object><name>april_tag_16</name><pose>Unspecified</pose><truncated>0</truncated><difficult>0</difficult><bndbox><xmin>1846</xmin><ymin>265</ymin><xmax>1843</xmax><ymax>248</ymax></bndbox></object><object><name>april_tag_16</name><pose>Unspecified</pose><truncated>0</truncated><difficult>0</difficult><bndbox><xmin>381</xmin><ymin>326</ymin><xmax>371</xmax><ymax>321</ymax></bndbox></object><object><name>april_tag_16</name><pose>Unspecified</pose><truncated>0</truncated><difficult>0</difficult><bndbox><xmin>1576</xmin><ymin>890</ymin><xmax>1567</xmax><ymax>899</ymax></bndbox></object><object><name>april_tag_17</name><pose>Unspecified</pose><truncated>0</truncated><difficult>0</difficult><bndbox><xmin>1694</xmin><ymin>974</ymin><xmax>1688</xmax><ymax>924</ymax></bndbox></object><object><name>april_tag_23</name><pose>Unspecified</pose><truncated>0</truncated><difficult>0</difficult><bndbox><xmin>1566</xmin><ymin>404</ymin><xmax>1548</xmax><ymax>319</ymax></bndbox></object><object><name>april_tag_27</name><pose>Unspecified</pose><truncated>0</truncated><difficult>0</difficult><bndbox><xmin>608</xmin><ymin>670</ymin><xmax>613</xmax><ymax>736</ymax></bndbox></object></annotation>