<annotation><folder>XML</folder><filename>test-3000-f000916.png</filename><path>/home/ubuntu/tensorflow_workspace/2023Game/data/combined_88_test/test-3000-f000916.png</path><source><database>Unknown</database></source><size><width>1920</width><height>1080</height><depth>3</depth></size><segmented>0</segmented><object><name>cone</name><pose>Unspecified</pose><truncated>0</truncated><difficult>0</difficult><bndbox><xmin>995</xmin><ymin>451</ymin><xmax>1255</xmax><ymax>756</ymax></bndbox></object><object><name>april_tag_6</name><pose>Unspecified</pose><truncated>0</truncated><difficult>0</difficult><bndbox><xmin>1719</xmin><ymin>964</ymin><xmax>1777</xmax><ymax>1003</ymax></bndbox></object></annotation>