<annotation><folder>XML</folder><filename>/home/ubuntu/frc/tensorflow_workspace/2023Game/data/combined_88_test/test-3000-f000134.png</filename><path>/home/ubuntu/frc/tensorflow_workspace/2023Game/data/combined_88_test/test-3000-f000134.xml</path><source><database>Unknown</database></source><size><width>1920</width><height>1080</height><depth>3</depth></size><segmented>0</segmented><object><name>cone</name><pose>Unspecified</pose><truncated>0</truncated><difficult>0</difficult><bndbox><xmin>869</xmin><ymin>258</ymin><xmax>1359</xmax><ymax>909</ymax></bndbox></object><object><name>april_tag_10</name><pose>Unspecified</pose><truncated>0</truncated><difficult>0</difficult><bndbox><xmin>791</xmin><ymin>1055</ymin><xmax>823</xmax><ymax>1015</ymax></bndbox></object><object><name>april_tag_13</name><pose>Unspecified</pose><truncated>0</truncated><difficult>0</difficult><bndbox><xmin>193</xmin><ymin>519</ymin><xmax>260</xmax><ymax>441</ymax></bndbox></object><object><name>april_tag_16</name><pose>Unspecified</pose><truncated>0</truncated><difficult>0</difficult><bndbox><xmin>328</xmin><ymin>1074</ymin><xmax>359</xmax><ymax>1035</ymax></bndbox></object><object><name>april_tag_19</name><pose>Unspecified</pose><truncated>0</truncated><difficult>0</difficult><bndbox><xmin>101</xmin><ymin>799</ymin><xmax>116</xmax><ymax>759</ymax></bndbox></object></annotation>