<annotation><folder>combined_88_test</folder><filename>test-3000-f000038.png</filename><path>/home/ubuntu/tensorflow_workspace/2023Game/data/combined_88_test/test-3000-f000038.png</path><source><database>Unknown</database></source><size><width>1920</width><height>1080</height><depth>3</depth></size><segmented>0</segmented><object><name>cone</name><pose>Unspecified</pose><truncated>0</truncated><difficult>0</difficult><bndbox><xmin>642</xmin><ymin>301</ymin><xmax>1224</xmax><ymax>784</ymax></bndbox></object></annotation>