<annotation><folder>XML</folder><filename>/home/ubuntu/frc/tensorflow_workspace/2023Game/data/combined_88_test/test-3000-f000853.png</filename><path>/home/ubuntu/frc/tensorflow_workspace/2023Game/data/combined_88_test/test-3000-f000853.xml</path><source><database>Unknown</database></source><size><width>1920</width><height>1080</height><depth>3</depth></size><segmented>0</segmented><object><name>cone</name><pose>Unspecified</pose><truncated>0</truncated><difficult>0</difficult><bndbox><xmin>1059</xmin><ymin>753</ymin><xmax>1367</xmax><ymax>1078</ymax></bndbox></object><object><name>april_tag_12</name><pose>Unspecified</pose><truncated>0</truncated><difficult>0</difficult><bndbox><xmin>322</xmin><ymin>550</ymin><xmax>316</xmax><ymax>676</ymax></bndbox></object><object><name>april_tag_16</name><pose>Unspecified</pose><truncated>0</truncated><difficult>0</difficult><bndbox><xmin>486</xmin><ymin>1101</ymin><xmax>386</xmax><ymax>1036</ymax></bndbox></object><object><name>april_tag_12</name><pose>Unspecified</pose><truncated>0</truncated><difficult>0</difficult><bndbox><xmin>322</xmin><ymin>550</ymin><xmax>316</xmax><ymax>676</ymax></bndbox></object><object><name>april_tag_16</name><pose>Unspecified</pose><truncated>0</truncated><difficult>0</difficult><bndbox><xmin>486</xmin><ymin>1101</ymin><xmax>386</xmax><ymax>1036</ymax></bndbox></object></annotation>