<annotation><folder>XML</folder><filename>/home/ubuntu/frc/tensorflow_workspace/2023Game/data/combined_88_test/test-3000-f000217.png</filename><path>/home/ubuntu/frc/tensorflow_workspace/2023Game/data/combined_88_test/test-3000-f000217.xml</path><source><database>Unknown</database></source><size><width>1920</width><height>1080</height><depth>3</depth></size><segmented>0</segmented><object><name>cone</name><pose>Unspecified</pose><truncated>0</truncated><difficult>0</difficult><bndbox><xmin>480</xmin><ymin>19</ymin><xmax>1035</xmax><ymax>746</ymax></bndbox></object><object><name>april_tag_18</name><pose>Unspecified</pose><truncated>0</truncated><difficult>0</difficult><bndbox><xmin>1632</xmin><ymin>386</ymin><xmax>1648</xmax><ymax>373</ymax></bndbox></object><object><name>april_tag_18</name><pose>Unspecified</pose><truncated>0</truncated><difficult>0</difficult><bndbox><xmin>1632</xmin><ymin>386</ymin><xmax>1648</xmax><ymax>373</ymax></bndbox></object><object><name>april_tag_18</name><pose>Unspecified</pose><truncated>0</truncated><difficult>0</difficult><bndbox><xmin>1632</xmin><ymin>386</ymin><xmax>1648</xmax><ymax>373</ymax></bndbox></object><object><name>april_tag_18</name><pose>Unspecified</pose><truncated>0</truncated><difficult>0</difficult><bndbox><xmin>1632</xmin><ymin>386</ymin><xmax>1648</xmax><ymax>373</ymax></bndbox></object><object><name>april_tag_18</name><pose>Unspecified</pose><truncated>0</truncated><difficult>0</difficult><bndbox><xmin>1632</xmin><ymin>386</ymin><xmax>1648</xmax><ymax>373</ymax></bndbox></object><object><name>april_tag_18</name><pose>Unspecified</pose><truncated>0</truncated><difficult>0</difficult><bndbox><xmin>1632</xmin><ymin>386</ymin><xmax>1648</xmax><ymax>373</ymax></bndbox></object></annotation>