<annotation><folder>XML</folder><filename>/home/ubuntu/frc/tensorflow_workspace/2023Game/data/combined_88_test/test-3000-f000028.png</filename><path>/home/ubuntu/frc/tensorflow_workspace/2023Game/data/combined_88_test/test-3000-f000028.xml</path><source><database>Unknown</database></source><size><width>1920</width><height>1080</height><depth>3</depth></size><segmented>0</segmented><object><name>cone</name><pose>Unspecified</pose><truncated>0</truncated><difficult>0</difficult><bndbox><xmin>624</xmin><ymin>283</ymin><xmax>1182</xmax><ymax>769</ymax></bndbox></object><object><name>april_tag_4</name><pose>Unspecified</pose><truncated>0</truncated><difficult>0</difficult><bndbox><xmin>1349</xmin><ymin>988</ymin><xmax>1329</xmax><ymax>1048</ymax></bndbox></object><object><name>april_tag_10</name><pose>Unspecified</pose><truncated>0</truncated><difficult>0</difficult><bndbox><xmin>1130</xmin><ymin>835</ymin><xmax>1108</xmax><ymax>864</ymax></bndbox></object><object><name>april_tag_12</name><pose>Unspecified</pose><truncated>0</truncated><difficult>0</difficult><bndbox><xmin>1713</xmin><ymin>835</ymin><xmax>1690</xmax><ymax>843</ymax></bndbox></object><object><name>april_tag_14</name><pose>Unspecified</pose><truncated>0</truncated><difficult>0</difficult><bndbox><xmin>957</xmin><ymin>328</ymin><xmax>952</xmax><ymax>311</ymax></bndbox></object><object><name>april_tag_16</name><pose>Unspecified</pose><truncated>0</truncated><difficult>0</difficult><bndbox><xmin>215</xmin><ymin>814</ymin><xmax>222</xmax><ymax>819</ymax></bndbox></object><object><name>april_tag_28</name><pose>Unspecified</pose><truncated>0</truncated><difficult>0</difficult><bndbox><xmin>1491</xmin><ymin>562</ymin><xmax>1480</xmax><ymax>567</ymax></bndbox></object></annotation>