<annotation><folder>XML</folder><filename>test-3000-f000028.png</filename><path>/home/ubuntu/tensorflow_workspace/2023Game/data/combined_88_test/test-3000-f000028.png</path><source><database>Unknown</database></source><size><width>1920</width><height>1080</height><depth>3</depth></size><segmented>0</segmented><object><name>cone</name><pose>Unspecified</pose><truncated>0</truncated><difficult>0</difficult><bndbox><xmin>624</xmin><ymin>283</ymin><xmax>1182</xmax><ymax>769</ymax></bndbox></object><object><name>april_tag_4</name><pose>Unspecified</pose><truncated>0</truncated><difficult>0</difficult><bndbox><xmin>1327</xmin><ymin>988</ymin><xmax>1352</xmax><ymax>1048</ymax></bndbox></object></annotation>