<annotation><folder>XML</folder><filename>test-3000-f000142.png</filename><path>/home/ubuntu/tensorflow_workspace/2023Game/data/combined_88_test/test-3000-f000142.png</path><source><database>Unknown</database></source><size><width>1920</width><height>1080</height><depth>3</depth></size><segmented>0</segmented><object><name>cone</name><pose>Unspecified</pose><truncated>0</truncated><difficult>0</difficult><bndbox><xmin>944</xmin><ymin>29</ymin><xmax>1440</xmax><ymax>711</ymax></bndbox></object><object><name>april_tag_2</name><pose>Unspecified</pose><truncated>0</truncated><difficult>0</difficult><bndbox><xmin>784</xmin><ymin>267</ymin><xmax>809</xmax><ymax>256</ymax></bndbox></object><object><name>april_tag_5</name><pose>Unspecified</pose><truncated>0</truncated><difficult>0</difficult><bndbox><xmin>611</xmin><ymin>919</ymin><xmax>564</xmax><ymax>903</ymax></bndbox></object></annotation>