<annotation><folder>XML</folder><filename>test-3000-f000142.png</filename><path>/home/ubuntu/tensorflow_workspace/2023Game/data/combined_88_test/test-3000-f000142.png</path><source><database>Unknown</database></source><size><width>1920</width><height>1080</height><depth>3</depth></size><segmented>0</segmented><object><name>cone</name><pose>Unspecified</pose><truncated>0</truncated><difficult>0</difficult><bndbox><xmin>944</xmin><ymin>29</ymin><xmax>1440</xmax><ymax>711</ymax></bndbox></object><object><name>april_tag_2</name><pose>Unspecified</pose><truncated>0</truncated><difficult>0</difficult><bndbox><xmin>774</xmin><ymin>256</ymin><xmax>822</xmax><ymax>267</ymax></bndbox></object><object><name>april_tag_5</name><pose>Unspecified</pose><truncated>0</truncated><difficult>0</difficult><bndbox><xmin>495</xmin><ymin>901</ymin><xmax>631</xmax><ymax>919</ymax></bndbox></object></annotation>