<annotation><folder>XML</folder><filename>test-3000-f000601.png</filename><path>/home/ubuntu/tensorflow_workspace/2023Game/data/combined_88_test/test-3000-f000601.png</path><source><database>Unknown</database></source><size><width>1920</width><height>1080</height><depth>3</depth></size><segmented>0</segmented><object><name>cone</name><pose>Unspecified</pose><truncated>0</truncated><difficult>0</difficult><bndbox><xmin>1012</xmin><ymin>496</ymin><xmax>1269</xmax><ymax>828</ymax></bndbox></object></annotation>