<annotation><folder>XML</folder><filename>test-3000-f000138.png</filename><path>/home/ubuntu/tensorflow_workspace/2023Game/data/combined_88_test/test-3000-f000138.png</path><source><database>Unknown</database></source><size><width>1920</width><height>1080</height><depth>3</depth></size><segmented>0</segmented><object><name>cone</name><pose>Unspecified</pose><truncated>0</truncated><difficult>0</difficult><bndbox><xmin>947</xmin><ymin>168</ymin><xmax>1437</xmax><ymax>926</ymax></bndbox></object><object><name>april_tag_8</name><pose>Unspecified</pose><truncated>0</truncated><difficult>0</difficult><bndbox><xmin>143</xmin><ymin>22</ymin><xmax>174</xmax><ymax>86</ymax></bndbox></object></annotation>