<annotation><folder>XML</folder><filename>test-3000-f001492.png</filename><path>/home/ubuntu/tensorflow_workspace/2023Game/data/combined_88_test/test-3000-f001492.png</path><source><database>Unknown</database></source><size><width>1920</width><height>1080</height><depth>3</depth></size><segmented>0</segmented><object><name>cone</name><pose>Unspecified</pose><truncated>0</truncated><difficult>0</difficult><bndbox><xmin>347</xmin><ymin>558</ymin><xmax>1055</xmax><ymax>1078</ymax></bndbox></object><object><name>april_tag_6</name><pose>Unspecified</pose><truncated>0</truncated><difficult>0</difficult><bndbox><xmin>1530</xmin><ymin>689</ymin><xmax>1721</xmax><ymax>739</ymax></bndbox></object></annotation>