<annotation><folder>XML</folder><filename>test-3000-f001138.png</filename><path>/home/ubuntu/tensorflow_workspace/2023Game/data/combined_88_test/test-3000-f001138.png</path><source><database>Unknown</database></source><size><width>1920</width><height>1080</height><depth>3</depth></size><segmented>0</segmented><object><name>cone</name><pose>Unspecified</pose><truncated>0</truncated><difficult>0</difficult><bndbox><xmin>1070</xmin><ymin>303</ymin><xmax>1594</xmax><ymax>673</ymax></bndbox></object><object><name>april_tag_6</name><pose>Unspecified</pose><truncated>0</truncated><difficult>0</difficult><bndbox><xmin>603</xmin><ymin>831</ymin><xmax>602</xmax><ymax>837</ymax></bndbox></object><object><name>april_tag_8</name><pose>Unspecified</pose><truncated>0</truncated><difficult>0</difficult><bndbox><xmin>1113</xmin><ymin>794</ymin><xmax>1109</xmax><ymax>789</ymax></bndbox></object></annotation>