<annotation>
	<folder>XML</folder>
	<filename>test-3000-f000517.png</filename>
	<path>/home/nathan/cube_cone/combine/test-3000-f000517.png</path>
	<source>
		<database>Unknown</database>
	</source>
	<size>
		<width>1920</width>
		<height>1080</height>
		<depth>3</depth>
	</size>
	<segmented>0</segmented>
	<object>
		<name>cone</name>
		<pose>Unspecified</pose>
		<truncated>0</truncated>
		<difficult>0</difficult>
		<bndbox>
			<xmin>920</xmin>
			<ymin>766</ymin>
			<xmax>1164</xmax>
			<ymax>1058</ymax>
		</bndbox>
	</object>
</annotation>
