<annotation><folder>XML</folder><filename>test-3000-f000149.png</filename><path>/home/ubuntu/tensorflow_workspace/2023Game/data/combined_88_test/test-3000-f000149.png</path><source><database>Unknown</database></source><size><width>1920</width><height>1080</height><depth>3</depth></size><segmented>0</segmented><object><name>cone</name><pose>Unspecified</pose><truncated>0</truncated><difficult>0</difficult><bndbox><xmin>860</xmin><ymin>4</ymin><xmax>1350</xmax><ymax>478</ymax></bndbox></object><object><name>april_tag_6</name><pose>Unspecified</pose><truncated>0</truncated><difficult>0</difficult><bndbox><xmin>414</xmin><ymin>90</ymin><xmax>479</xmax><ymax>109</ymax></bndbox></object></annotation>