<annotation><folder>XML</folder><filename>/home/ubuntu/frc/tensorflow_workspace/2023Game/data/combined_88_test/test-3000-f000138.png</filename><path>/home/ubuntu/frc/tensorflow_workspace/2023Game/data/combined_88_test/test-3000-f000138.xml</path><source><database>Unknown</database></source><size><width>1920</width><height>1080</height><depth>3</depth></size><segmented>0</segmented><object><name>cone</name><pose>Unspecified</pose><truncated>0</truncated><difficult>0</difficult><bndbox><xmin>947</xmin><ymin>168</ymin><xmax>1437</xmax><ymax>926</ymax></bndbox></object><object><name>april_tag_8</name><pose>Unspecified</pose><truncated>0</truncated><difficult>0</difficult><bndbox><xmin>146</xmin><ymin>49</ymin><xmax>162</xmax><ymax>22</ymax></bndbox></object><object><name>april_tag_12</name><pose>Unspecified</pose><truncated>0</truncated><difficult>0</difficult><bndbox><xmin>1062</xmin><ymin>9</ymin><xmax>1064</xmax><ymax>21</ymax></bndbox></object><object><name>april_tag_14</name><pose>Unspecified</pose><truncated>0</truncated><difficult>0</difficult><bndbox><xmin>1812</xmin><ymin>97</ymin><xmax>1788</xmax><ymax>101</ymax></bndbox></object><object><name>april_tag_15</name><pose>Unspecified</pose><truncated>0</truncated><difficult>0</difficult><bndbox><xmin>155</xmin><ymin>112</ymin><xmax>131</xmax><ymax>55</ymax></bndbox></object><object><name>april_tag_22</name><pose>Unspecified</pose><truncated>0</truncated><difficult>0</difficult><bndbox><xmin>161</xmin><ymin>462</ymin><xmax>110</xmax><ymax>388</ymax></bndbox></object></annotation>