<annotation>
	<folder>combined_88_test</folder>
	<filename>test-3000-f000143.png</filename>
	<path>/home/ubuntu/tensorflow_workspace/2023Game/data/combined_88_test/test-3000-f000143.png</path>
	<source>
		<database>Unknown</database>
	</source>
	<size>
		<width>1920</width>
		<height>1080</height>
		<depth>3</depth>
	</size>
	<segmented>0</segmented>
</annotation>
