<annotation><folder>XML</folder><filename>test-3000-f000080.png</filename><path>/home/ubuntu/tensorflow_workspace/2023Game/data/combined_88_test/test-3000-f000080.png</path><source><database>Unknown</database></source><size><width>1920</width><height>1080</height><depth>3</depth></size><segmented>0</segmented><object><name>cone</name><pose>Unspecified</pose><truncated>0</truncated><difficult>0</difficult><bndbox><xmin>472</xmin><ymin>399</ymin><xmax>1082</xmax><ymax>1000</ymax></bndbox></object><object><name>april_tag_1</name><pose>Unspecified</pose><truncated>0</truncated><difficult>0</difficult><bndbox><xmin>923</xmin><ymin>983</ymin><xmax>942</xmax><ymax>1004</ymax></bndbox></object></annotation>